app/build/intermediates/manifest_merge_blame_file/debug/manifest-merger-blame-debug-report.txt
1<?xml version="1.0" encoding="utf-8"?>
2<manifest xmlns:android="http://schemas.android.com/apk/res/android"
3    package="com.raihan.absensi"
4    android:versionCode="1"
5    android:versionName="1.0" >
6
7    <uses-sdk
8        android:minSdkVersion="21"
8-->src\main\AndroidManifest.xml
9        android:targetSdkVersion="32" />
9-->src\main\AndroidManifest.xml
10
11    <uses-permission android:name="android.permission.CAMERA" />
11-->src\main\AndroidManifest.xml:6:5-65
11-->src\main\AndroidManifest.xml:6:22-62
12    <uses-permission android:name="android.permission.READ_EXTERNAL_STORAGE" />
12-->src\main\AndroidManifest.xml:7:5-80
12-->src\main\AndroidManifest.xml:7:22-77
13    <uses-permission android:name="android.permission.WRITE_EXTERNAL_STORAGE" />
13-->src\main\AndroidManifest.xml:8:5-81
13-->src\main\AndroidManifest.xml:8:22-78
14    <uses-permission android:name="android.permission.INTERNET" />
14-->src\main\AndroidManifest.xml:9:5-67
14-->src\main\AndroidManifest.xml:9:22-64
15
16    <application
16-->src\main\AndroidManifest.xml:11:5-46:19
17        android:allowBackup="true"
17-->src\main\AndroidManifest.xml:12:9-35
18        android:appComponentFactory="androidx.core.app.CoreComponentFactory"
18-->[androidx.core:core:1.5.0] AndroidManifest.xml:24:18-86
19        android:dataExtractionRules="@xml/data_extraction_rules"
19-->src\main\AndroidManifest.xml:13:9-65
20        android:debuggable="true"
21        android:fullBackupContent="@xml/backup_rules"
21-->src\main\AndroidManifest.xml:14:9-54
22        android:icon="@drawable/dk_logo"
22-->src\main\AndroidManifest.xml:15:9-41
23        android:label="@string/app_name"
23-->src\main\AndroidManifest.xml:16:9-41
24        android:roundIcon="@drawable/dk_logo"
24-->src\main\AndroidManifest.xml:17:9-46
25        android:supportsRtl="true"
25-->src\main\AndroidManifest.xml:18:9-35
26        android:testOnly="true"
27        android:theme="@style/Theme.Absensi" >
27-->src\main\AndroidManifest.xml:19:9-45
28        <activity
28-->src\main\AndroidManifest.xml:21:9-24:40
29            android:name="com.raihan.absensi.activity.DaftarCloudActivity"
29-->src\main\AndroidManifest.xml:22:13-57
30            android:exported="false"
30-->src\main\AndroidManifest.xml:24:13-37
31            android:parentActivityName="com.raihan.absensi.activity.MainActivity" />
31-->src\main\AndroidManifest.xml:23:13-64
32        <activity
32-->src\main\AndroidManifest.xml:25:9-28:67
33            android:name="com.raihan.absensi.activity.DaftarActivity"
33-->src\main\AndroidManifest.xml:26:13-52
34            android:exported="true"
34-->src\main\AndroidManifest.xml:27:13-36
35            android:parentActivityName="com.raihan.absensi.activity.MainActivity" />
35-->src\main\AndroidManifest.xml:28:13-64
36        <activity
36-->src\main\AndroidManifest.xml:29:9-32:67
37            android:name="com.raihan.absensi.activity.ScanActivity"
37-->src\main\AndroidManifest.xml:30:13-50
38            android:exported="true"
38-->src\main\AndroidManifest.xml:31:13-36
39            android:parentActivityName="com.raihan.absensi.activity.MainActivity" />
39-->src\main\AndroidManifest.xml:32:13-64
40        <activity
40-->src\main\AndroidManifest.xml:33:9-41:20
41            android:name="com.raihan.absensi.activity.MainActivity"
41-->src\main\AndroidManifest.xml:34:13-50
42            android:exported="true" >
42-->src\main\AndroidManifest.xml:35:13-36
43            <intent-filter>
43-->src\main\AndroidManifest.xml:36:13-40:29
44                <action android:name="android.intent.action.MAIN" />
44-->src\main\AndroidManifest.xml:37:17-69
44-->src\main\AndroidManifest.xml:37:25-66
45
46                <category android:name="android.intent.category.LAUNCHER" />
46-->src\main\AndroidManifest.xml:39:17-77
46-->src\main\AndroidManifest.xml:39:27-74
47            </intent-filter>
48        </activity>
49
50        <meta-data
50-->src\main\AndroidManifest.xml:43:9-45:57
51            android:name="preloaded_fonts"
51-->src\main\AndroidManifest.xml:44:13-43
52            android:resource="@array/preloaded_fonts" />
52-->src\main\AndroidManifest.xml:45:13-54
53    </application>
54
55</manifest>